<?xml version="1.0" encoding="UTF-8"?>
<testsuites tests="84" failures="0" disabled="0" errors="0" timestamp="2016-03-02T13:54:48" time="2.047" name="AllTests">
  <testsuite name="MallocDebugConfigTest" tests="45" failures="0" disabled="0" errors="0" time="0.029">
    <testcase name="unknown_option" status="run" time="0.001" classname="MallocDebugConfigTest" />
    <testcase name="unparseable_number" status="run" time="0" classname="MallocDebugConfigTest" />
    <testcase name="illegal_value_zero" status="run" time="0" classname="MallocDebugConfigTest" />
    <testcase name="no_space" status="run" time="0" classname="MallocDebugConfigTest" />
    <testcase name="illegal_value_negative" status="run" time="0" classname="MallocDebugConfigTest" />
    <testcase name="overflow" status="run" time="0.001" classname="MallocDebugConfigTest" />
    <testcase name="set_value_error" status="run" time="0.001" classname="MallocDebugConfigTest" />
    <testcase name="space_before_equal" status="run" time="0" classname="MallocDebugConfigTest" />
    <testcase name="space_after_equal" status="run" time="0" classname="MallocDebugConfigTest" />
    <testcase name="extra_space" status="run" time="0" classname="MallocDebugConfigTest" />
    <testcase name="multiple_options" status="run" time="0" classname="MallocDebugConfigTest" />
    <testcase name="front_guard" status="run" time="0" classname="MallocDebugConfigTest" />
    <testcase name="rear_guard" status="run" time="0" classname="MallocDebugConfigTest" />
    <testcase name="guard" status="run" time="0" classname="MallocDebugConfigTest" />
    <testcase name="backtrace" status="run" time="0" classname="MallocDebugConfigTest" />
    <testcase name="backtrace_enable_on_signal" status="run" time="0" classname="MallocDebugConfigTest" />
    <testcase name="fill_on_alloc" status="run" time="0" classname="MallocDebugConfigTest" />
    <testcase name="fill_on_free" status="run" time="0" classname="MallocDebugConfigTest" />
    <testcase name="fill" status="run" time="0" classname="MallocDebugConfigTest" />
    <testcase name="expand_alloc" status="run" time="0" classname="MallocDebugConfigTest" />
    <testcase name="free_track" status="run" time="0" classname="MallocDebugConfigTest" />
    <testcase name="free_track_and_fill_on_free" status="run" time="0" classname="MallocDebugConfigTest" />
    <testcase name="free_track_backtrace_num_frames" status="run" time="0" classname="MallocDebugConfigTest" />
    <testcase name="free_track_backtrace_num_frames_zero" status="run" time="0" classname="MallocDebugConfigTest" />
    <testcase name="free_track_backtrace_num_frames_and_free_track" status="run" time="0" classname="MallocDebugConfigTest" />
    <testcase name="leak_track" status="run" time="0" classname="MallocDebugConfigTest" />
    <testcase name="leak_track_fail" status="run" time="0" classname="MallocDebugConfigTest" />
    <testcase name="guard_min_error" status="run" time="0.001" classname="MallocDebugConfigTest" />
    <testcase name="guard_max_error" status="run" time="0.001" classname="MallocDebugConfigTest" />
    <testcase name="front_guard_min_error" status="run" time="0.001" classname="MallocDebugConfigTest" />
    <testcase name="front_guard_max_error" status="run" time="0" classname="MallocDebugConfigTest" />
    <testcase name="rear_guard_min_error" status="run" time="0" classname="MallocDebugConfigTest" />
    <testcase name="rear_guard_max_error" status="run" time="0.001" classname="MallocDebugConfigTest" />
    <testcase name="fill_min_error" status="run" time="0.002" classname="MallocDebugConfigTest" />
    <testcase name="fill_on_alloc_min_error" status="run" time="0" classname="MallocDebugConfigTest" />
    <testcase name="fill_on_free_min_error" status="run" time="0" classname="MallocDebugConfigTest" />
    <testcase name="backtrace_min_error" status="run" time="0.001" classname="MallocDebugConfigTest" />
    <testcase name="backtrace_max_error" status="run" time="0.001" classname="MallocDebugConfigTest" />
    <testcase name="backtrace_enable_on_signal_min_error" status="run" time="0.001" classname="MallocDebugConfigTest" />
    <testcase name="backtrace_enable_on_signal_max_error" status="run" time="0.001" classname="MallocDebugConfigTest" />
    <testcase name="expand_alloc_min_error" status="run" time="0.001" classname="MallocDebugConfigTest" />
    <testcase name="expand_alloc_max_error" status="run" time="0" classname="MallocDebugConfigTest" />
    <testcase name="free_track_min_error" status="run" time="0" classname="MallocDebugConfigTest" />
    <testcase name="free_track_max_error" status="run" time="0.001" classname="MallocDebugConfigTest" />
    <testcase name="free_track_backtrace_num_frames_max_error" status="run" time="0.001" classname="MallocDebugConfigTest" />
  </testsuite>
  <testsuite name="MallocDebugTest" tests="39" failures="0" disabled="0" errors="0" time="2.017">
    <testcase name="fill_generic" status="run" time="0.002" classname="MallocDebugTest" />
    <testcase name="fill_on_alloc_generic" status="run" time="0.001" classname="MallocDebugTest" />
    <testcase name="fill_on_alloc_partial" status="run" time="0" classname="MallocDebugTest" />
    <testcase name="fill_on_free" status="run" time="0" classname="MallocDebugTest" />
    <testcase name="fill_on_free_partial" status="run" time="0" classname="MallocDebugTest" />
    <testcase name="free_track_partial" status="run" time="0" classname="MallocDebugTest" />
    <testcase name="all_options" status="run" time="0.001" classname="MallocDebugTest" />
    <testcase name="expand_alloc" status="run" time="0" classname="MallocDebugTest" />
    <testcase name="front_guard" status="run" time="0" classname="MallocDebugTest" />
    <testcase name="realloc_memalign_memory" status="run" time="0" classname="MallocDebugTest" />
    <testcase name="front_guard_corrupted" status="run" time="0.001" classname="MallocDebugTest" />
    <testcase name="rear_guard" status="run" time="0" classname="MallocDebugTest" />
    <testcase name="rear_guard_corrupted" status="run" time="0" classname="MallocDebugTest" />
    <testcase name="rear_guard_corrupted_after_realloc_shrink" status="run" time="0" classname="MallocDebugTest" />
    <testcase name="tag_corrupted" status="run" time="0" classname="MallocDebugTest" />
    <testcase name="leak_track_no_frees" status="run" time="0.001" classname="MallocDebugTest" />
    <testcase name="leak_track_no_frees_with_backtrace" status="run" time="0" classname="MallocDebugTest" />
    <testcase name="leak_track_frees" status="run" time="0" classname="MallocDebugTest" />
    <testcase name="free_track" status="run" time="0" classname="MallocDebugTest" />
    <testcase name="free_track_use_after_free" status="run" time="0" classname="MallocDebugTest" />
    <testcase name="free_track_use_after_free_finalize" status="run" time="0" classname="MallocDebugTest" />
    <testcase name="free_track_use_after_free_with_backtrace" status="run" time="0" classname="MallocDebugTest" />
    <testcase name="free_track_use_after_free_call_realloc" status="run" time="0" classname="MallocDebugTest" />
    <testcase name="free_track_use_after_free_call_free" status="run" time="0" classname="MallocDebugTest" />
    <testcase name="get_malloc_leak_info_invalid" status="run" time="0" classname="MallocDebugTest" />
    <testcase name="get_malloc_leak_info_not_enabled" status="run" time="0" classname="MallocDebugTest" />
    <testcase name="get_malloc_leak_info_empty" status="run" time="0" classname="MallocDebugTest" />
    <testcase name="get_malloc_leak_info_single" status="run" time="0" classname="MallocDebugTest" />
    <testcase name="get_malloc_leak_info_multi" status="run" time="0" classname="MallocDebugTest" />
    <testcase name="get_malloc_leak_info_multi_skip_empty_backtrace" status="run" time="0" classname="MallocDebugTest" />
    <testcase name="realloc_usable_size" status="run" time="0" classname="MallocDebugTest" />
    <testcase name="backtrace_enable_on_signal" status="run" time="2.003" classname="MallocDebugTest" />
    <testcase name="overflow" status="run" time="0.001" classname="MallocDebugTest" />
    <testcase name="zygote_set" status="run" time="0" classname="MallocDebugTest" />
    <testcase name="max_size" status="run" time="0" classname="MallocDebugTest" />
    <testcase name="debug_mallinfo" status="run" time="0" classname="MallocDebugTest" />
    <testcase name="debug_posix_memalign" status="run" time="0" classname="MallocDebugTest" />
    <testcase name="debug_pvalloc" status="run" time="0" classname="MallocDebugTest" />
    <testcase name="debug_valloc" status="run" time="0" classname="MallocDebugTest" />
  </testsuite>
</testsuites>
