<?xml version="1.0" encoding="UTF-8"?>
<testsuites tests="7" failures="1" disabled="0" errors="0" timestamp="2016-03-02T13:48:44" time="0.004" name="AllTests">
  <testsuite name="InteropTest" tests="4" failures="1" disabled="0" errors="0" time="0.003">
    <testcase name="test_lookup_hit" status="run" time="0.001" classname="InteropTest" />
    <testcase name="test_lookup_miss" status="run" time="0.001" classname="InteropTest" />
    <testcase name="test_dynamic" status="run" time="0.001" classname="InteropTest" />
    <testcase name="close_socket_with_packet" status="run" time="0.203" classname="LocalSocketTest">
          <failure message="Message" type=""><![CDATA[system/core/adb/socket_test.cpp:157
          Value of: fdevent_installed_count()
            Actual: 3
            Expected: 2u
            Which is: 2]]></failure>
    </testcase>
  </testsuite>
  <testsuite name="ClassicPeerTest" tests="3" failures="0" disabled="0" errors="0" time="0.001">
    <testcase name="test_basic_get" status="run" time="0" classname="ClassicPeerTest" />
    <testcase name="test_multi_get_are_same" status="run" time="0" classname="ClassicPeerTest" />
    <testcase name="test_multi_get_different" status="run" time="0" classname="ClassicPeerTest" />
  </testsuite>
</testsuites>
