#------------------------------------------------------------------------------
# System data
#

# test run info
shells="/bin/sh /bin/bash /bin/dash /bin/ksh /bin/pdksh /bin/zsh"
tests=" shflags_test_defines.sh shflags_test_parsing.sh shflags_test_private.sh shflags_test_public.sh"

# system info
$ date
Sat Nov 15 20:17:09 GMT 2008
$ uname -mprsv
Darwin 9.5.0 Darwin Kernel Version 9.5.0: Wed Sep  3 11:29:43 PDT 2008; root:xnu-1228.7.58~1/RELEASE_I386 i386 i386


#------------------------------------------------------------------------------
# Running the test suite with /bin/sh
#
shell name: sh
shell version: unknown

--- Executing the 'defines' test suite ---
testFlagsDefine
testBoolean
testFloat
testInteger
testString
testShortNameLength

Ran 6 tests.

OK

--- Executing the 'parsing' test suite ---
test:WARN Standard version of getopt found. Enhanced tests will be skipped.
testStandardGetopt
testEnhancedGetopt
testValidBooleanShort
testValidBooleanLong
testValidFloats
testInvalidFloats
testValidIntegers
testInvalidIntegers
testValidStrings
ASSERT:FLAGS (string with spaces) returned a non-zero result (2)
ASSERT:string (string with spaces) test failed. expected:<string with spaces> but was:<single_word>
>>> STDERR
flags:FATAL the available getopt does not support spaces in options
>>> end output
testMultipleFlags
testSingleNonFlagArg
testMultipleNonFlagArgs
testMultipleNonFlagStringArgsWithSpaces

Ran 13 tests.

FAILED (failures=2,skipped=92)

--- Executing the 'private' test suite ---
testGetFlagInfo
testItemInList
testColumns
testValidateBoolean
testValidateFloat
testValidateInteger

Ran 6 tests.

OK

--- Executing the 'public' test suite ---
test:WARN Standard version of getopt found. Enhanced tests will be skipped.
testHelp
testStandardHelpOutput
testEnhancedHelpOutput
testNoHelp

Ran 4 tests.

OK (skipped=6)


#------------------------------------------------------------------------------
# Running the test suite with /bin/bash
#
shell name: bash
shell version: 3.2.17(1)-release

--- Executing the 'defines' test suite ---
testFlagsDefine
testBoolean
testFloat
testInteger
testString
testShortNameLength

Ran 6 tests.

OK

--- Executing the 'parsing' test suite ---
test:WARN Standard version of getopt found. Enhanced tests will be skipped.
testStandardGetopt
testEnhancedGetopt
testValidBooleanShort
testValidBooleanLong
testValidFloats
testInvalidFloats
testValidIntegers
testInvalidIntegers
testValidStrings
ASSERT:FLAGS (string with spaces) returned a non-zero result (2)
ASSERT:string (string with spaces) test failed. expected:<string with spaces> but was:<single_word>
>>> STDERR
flags:FATAL the available getopt does not support spaces in options
>>> end output
testMultipleFlags
testSingleNonFlagArg
testMultipleNonFlagArgs
testMultipleNonFlagStringArgsWithSpaces

Ran 13 tests.

FAILED (failures=2,skipped=92)

--- Executing the 'private' test suite ---
testGetFlagInfo
testItemInList
testColumns
testValidateBoolean
testValidateFloat
testValidateInteger

Ran 6 tests.

OK

--- Executing the 'public' test suite ---
test:WARN Standard version of getopt found. Enhanced tests will be skipped.
testHelp
testStandardHelpOutput
testEnhancedHelpOutput
testNoHelp

Ran 4 tests.

OK (skipped=6)


#------------------------------------------------------------------------------
# Running the test suite with /bin/dash
#


#------------------------------------------------------------------------------
# Running the test suite with /bin/ksh
#
shell name: ksh
shell version: M-1993-12-28

--- Executing the 'defines' test suite ---
testFlagsDefine
testBoolean
testFloat
testInteger
testString
testShortNameLength

Ran 6 tests.

OK

--- Executing the 'parsing' test suite ---
test:WARN Standard version of getopt found. Enhanced tests will be skipped.
testStandardGetopt
testEnhancedGetopt
testValidBooleanShort
testValidBooleanLong
testValidFloats
testInvalidFloats
testValidIntegers
testInvalidIntegers
testValidStrings
ASSERT:FLAGS (string with spaces) returned a non-zero result (2)
ASSERT:string (string with spaces) test failed. expected:<string with spaces> but was:<single_word>
>>> STDERR
flags:FATAL the available getopt does not support spaces in options
>>> end output
testMultipleFlags
testSingleNonFlagArg
testMultipleNonFlagArgs
testMultipleNonFlagStringArgsWithSpaces

Ran 13 tests.

FAILED (failures=2,skipped=92)

--- Executing the 'private' test suite ---
testGetFlagInfo
testItemInList
testColumns
testValidateBoolean
testValidateFloat
testValidateInteger

Ran 6 tests.

OK

--- Executing the 'public' test suite ---
test:WARN Standard version of getopt found. Enhanced tests will be skipped.
testHelp
testStandardHelpOutput
testEnhancedHelpOutput
testNoHelp

Ran 4 tests.

OK (skipped=6)


#------------------------------------------------------------------------------
# Running the test suite with /bin/pdksh
#


#------------------------------------------------------------------------------
# Running the test suite with /bin/zsh
#
shell name: zsh
shell version: 4.3.4

--- Executing the 'defines' test suite ---
testFlagsDefine
testBoolean
testFloat
testInteger
testString
testShortNameLength

Ran 6 tests.

OK

--- Executing the 'parsing' test suite ---
test:WARN Standard version of getopt found. Enhanced tests will be skipped.
testStandardGetopt
testEnhancedGetopt
testValidBooleanShort
testValidBooleanLong
testValidFloats
testInvalidFloats
testValidIntegers
testInvalidIntegers
testValidStrings
ASSERT:FLAGS (string with spaces) returned a non-zero result (2)
ASSERT:string (string with spaces) test failed. expected:<string with spaces> but was:<single_word>
>>> STDERR
flags:FATAL the available getopt does not support spaces in options
>>> end output
testMultipleFlags
testSingleNonFlagArg
testMultipleNonFlagArgs
testMultipleNonFlagStringArgsWithSpaces

Ran 13 tests.

FAILED (failures=2,skipped=92)

--- Executing the 'private' test suite ---
testGetFlagInfo
testItemInList
testColumns
testValidateBoolean
testValidateFloat
testValidateInteger

Ran 6 tests.

OK

--- Executing the 'public' test suite ---
test:WARN Standard version of getopt found. Enhanced tests will be skipped.
testHelp
testStandardHelpOutput
testEnhancedHelpOutput
testNoHelp

Ran 4 tests.

OK (skipped=6)
